<?xml version="1.0" encoding="UTF-8"?>
<testng-results ignored="0" total="1" passed="1" failed="0" skipped="0">
  <reporter-output>
  </reporter-output>
  <suite started-at="2024-02-09T05:16:48 GMT" name="Default suite" finished-at="2024-02-09T05:16:52 GMT" duration-ms="3329">
    <groups>
    </groups>
    <test started-at="2024-02-09T05:16:48 GMT" name="Default test" finished-at="2024-02-09T05:16:52 GMT" duration-ms="3329">
      <class name="com.user2.CPDTest">
        <test-method is-config="true" signature="setup()[pri:0, instance:com.user2.CPDTest@26d9b808]" started-at="2024-02-09T05:16:49 GMT" name="setup" finished-at="2024-02-09T05:16:51 GMT" duration-ms="2462" status="PASS">
          <reporter-output>
          </reporter-output>
        </test-method> <!-- setup -->
        <test-method signature="captureconsolelogsTest()[pri:0, instance:com.user2.CPDTest@26d9b808]" started-at="2024-02-09T05:16:51 GMT" name="captureconsolelogsTest" finished-at="2024-02-09T05:16:52 GMT" duration-ms="797" status="PASS">
          <reporter-output>
          </reporter-output>
        </test-method> <!-- captureconsolelogsTest -->
      </class> <!-- com.user2.CPDTest -->
    </test> <!-- Default test -->
  </suite> <!-- Default suite -->
</testng-results>
