<?xml version="1.0" encoding="UTF-8"?>
<testng-results ignored="0" total="1" passed="1" failed="0" skipped="0">
  <reporter-output>
  </reporter-output>
  <suite started-at="2024-02-08T06:19:17 GMT" name="Default suite" finished-at="2024-02-08T06:19:23 GMT" duration-ms="6008">
    <groups>
    </groups>
    <test started-at="2024-02-08T06:19:17 GMT" name="Default test" finished-at="2024-02-08T06:19:23 GMT" duration-ms="6008">
      <class name="com.user2.Remotetest">
        <test-method signature="getRemote()[pri:0, instance:com.user2.Remotetest@534a5a98]" started-at="2024-02-08T06:19:17 GMT" name="getRemote" finished-at="2024-02-08T06:19:23 GMT" duration-ms="5941" status="PASS">
          <reporter-output>
          </reporter-output>
        </test-method> <!-- getRemote -->
      </class> <!-- com.user2.Remotetest -->
    </test> <!-- Default test -->
  </suite> <!-- Default suite -->
</testng-results>
