<?xml version="1.0" encoding="UTF-8"?>
<testng-results ignored="0" total="2" passed="2" failed="0" skipped="0">
  <reporter-output>
  </reporter-output>
  <suite started-at="2024-02-07T06:18:44 GMT" name="Default suite" finished-at="2024-02-07T06:18:45 GMT" duration-ms="91">
    <groups>
    </groups>
    <test started-at="2024-02-07T06:18:44 GMT" name="Default test" finished-at="2024-02-07T06:18:45 GMT" duration-ms="91">
      <class name="TestNgExample.CsvReadlineTestNG">
        <test-method signature="testCase1(java.lang.String,java.lang.String,java.lang.String,java.lang.String)[pri:0, instance:TestNgExample.CsvReadlineTestNG@4f80542f]" started-at="2024-02-07T06:18:45 GMT" name="testCase1" data-provider="csvfile" finished-at="2024-02-07T06:18:45 GMT" duration-ms="10" status="PASS">
          <params>
            <param index="0">
              <value>
                <![CDATA[Rahul]]>
              </value>
            </param>
            <param index="1">
              <value>
                <![CDATA[rg@gmail.com]]>
              </value>
            </param>
            <param index="2">
              <value>
                <![CDATA[2]]>
              </value>
            </param>
            <param index="3">
              <value>
                <![CDATA[2]]>
              </value>
            </param>
          </params>
          <reporter-output>
          </reporter-output>
        </test-method> <!-- testCase1 -->
        <test-method signature="testCase1(java.lang.String,java.lang.String,java.lang.String,java.lang.String)[pri:0, instance:TestNgExample.CsvReadlineTestNG@4f80542f]" started-at="2024-02-07T06:18:45 GMT" name="testCase1" data-provider="csvfile" finished-at="2024-02-07T06:18:45 GMT" duration-ms="2" status="PASS">
          <params>
            <param index="0">
              <value>
                <![CDATA[Rahul]]>
              </value>
            </param>
            <param index="1">
              <value>
                <![CDATA[rg@gmail.com]]>
              </value>
            </param>
            <param index="2">
              <value>
                <![CDATA[2]]>
              </value>
            </param>
            <param index="3">
              <value>
                <![CDATA[2]]>
              </value>
            </param>
          </params>
          <reporter-output>
          </reporter-output>
        </test-method> <!-- testCase1 -->
      </class> <!-- TestNgExample.CsvReadlineTestNG -->
    </test> <!-- Default test -->
  </suite> <!-- Default suite -->
</testng-results>
