<?xml version="1.0" encoding="UTF-8"?>
<testng-results ignored="0" total="1" passed="1" failed="0" skipped="0">
  <reporter-output>
  </reporter-output>
  <suite started-at="2024-02-09T04:28:17 GMT" name="Default suite" finished-at="2024-02-09T04:28:20 GMT" duration-ms="3252">
    <groups>
    </groups>
    <test started-at="2024-02-09T04:28:17 GMT" name="Default test" finished-at="2024-02-09T04:28:20 GMT" duration-ms="3252">
      <class name="com.user2.CPDTest">
        <test-method is-config="true" signature="setup()[pri:0, instance:com.user2.CPDTest@46cdf8bd]" started-at="2024-02-09T04:28:17 GMT" name="setup" finished-at="2024-02-09T04:28:20 GMT" duration-ms="3103" status="PASS">
          <reporter-output>
          </reporter-output>
        </test-method> <!-- setup -->
        <test-method signature="deviceModeTest()[pri:0, instance:com.user2.CPDTest@46cdf8bd]" started-at="2024-02-09T04:28:20 GMT" name="deviceModeTest" finished-at="2024-02-09T04:28:20 GMT" duration-ms="68" status="PASS">
          <reporter-output>
          </reporter-output>
        </test-method> <!-- deviceModeTest -->
      </class> <!-- com.user2.CPDTest -->
    </test> <!-- Default test -->
  </suite> <!-- Default suite -->
</testng-results>
