<?xml version="1.0" encoding="UTF-8"?>
<testng-results ignored="0" total="1" passed="1" failed="0" skipped="0">
  <reporter-output>
  </reporter-output>
  <suite started-at="2024-02-06T04:55:29 GMT" name="Default suite" finished-at="2024-02-06T04:55:29 GMT" duration-ms="89">
    <groups>
    </groups>
    <test started-at="2024-02-06T04:55:29 GMT" name="Default test" finished-at="2024-02-06T04:55:29 GMT" duration-ms="89">
      <class name="TestNgExample.TestNgPropFile">
        <test-method signature="readingPropFile()[pri:0, instance:TestNgExample.TestNgPropFile@729d991e]" started-at="2024-02-06T04:55:29 GMT" name="readingPropFile" finished-at="2024-02-06T04:55:29 GMT" duration-ms="16" status="PASS">
          <reporter-output>
          </reporter-output>
        </test-method> <!-- readingPropFile -->
      </class> <!-- TestNgExample.TestNgPropFile -->
    </test> <!-- Default test -->
  </suite> <!-- Default suite -->
</testng-results>
