<?xml version="1.0" encoding="UTF-8"?>
<testng-results ignored="0" total="1" passed="1" failed="0" skipped="0">
  <reporter-output>
  </reporter-output>
  <suite started-at="2024-02-08T04:48:26 GMT" name="Default suite" finished-at="2024-02-08T04:48:32 GMT" duration-ms="6817">
    <groups>
    </groups>
    <test started-at="2024-02-08T04:48:26 GMT" name="Default test" finished-at="2024-02-08T04:48:32 GMT" duration-ms="6817">
      <class name="TestNgExample.Screenshot">
        <test-method signature="getScreenShot()[pri:0, instance:TestNgExample.Screenshot@3527942a]" started-at="2024-02-08T04:48:26 GMT" name="getScreenShot" finished-at="2024-02-08T04:48:32 GMT" duration-ms="6747" status="PASS">
          <reporter-output>
          </reporter-output>
        </test-method> <!-- getScreenShot -->
      </class> <!-- TestNgExample.Screenshot -->
    </test> <!-- Default test -->
  </suite> <!-- Default suite -->
</testng-results>
