<?xml version="1.0" encoding="UTF-8"?>
<testng-results ignored="0" total="1" passed="1" failed="0" skipped="0">
  <reporter-output>
  </reporter-output>
  <suite started-at="2024-02-09T05:36:36 GMT" name="Default suite" finished-at="2024-02-09T05:36:41 GMT" duration-ms="4940">
    <groups>
    </groups>
    <test started-at="2024-02-09T05:36:36 GMT" name="Default test" finished-at="2024-02-09T05:36:41 GMT" duration-ms="4940">
      <class name="com.user2.CPDTest">
        <test-method is-config="true" signature="setup()[pri:0, instance:com.user2.CPDTest@26d9b808]" started-at="2024-02-09T05:36:36 GMT" name="setup" finished-at="2024-02-09T05:36:39 GMT" duration-ms="2323" status="PASS">
          <reporter-output>
          </reporter-output>
        </test-method> <!-- setup -->
        <test-method signature="basicAuth()[pri:0, instance:com.user2.CPDTest@26d9b808]" started-at="2024-02-09T05:36:39 GMT" name="basicAuth" finished-at="2024-02-09T05:36:41 GMT" duration-ms="2552" status="PASS">
          <reporter-output>
          </reporter-output>
        </test-method> <!-- basicAuth -->
      </class> <!-- com.user2.CPDTest -->
    </test> <!-- Default test -->
  </suite> <!-- Default suite -->
</testng-results>
