<?xml version="1.0" encoding="UTF-8"?>
<!-- Generated by org.testng.reporters.JUnitXMLReporter -->
<testsuite ignored="0" hostname="EC2AMAZ-S11DBRH" failures="0" tests="3" name="Test" time="0.096" errors="0" timestamp="2024-02-02T05:11:01 GMT">
  <testcase classname="TestNgExample.TestNgAnnotation" name="Testcase3" time="0.008"/>
  <testcase classname="TestNgExample.TestNgAnnotation" name="testcase1" time="0.003"/>
  <testcase classname="TestNgExample.TestNgAnnotation" name="Testcase2" time="0.002"/>
</testsuite> <!-- Test -->
