<?xml version="1.0" encoding="UTF-8"?>
<!-- Generated by org.testng.reporters.JUnitXMLReporter -->
<testsuite ignored="1" hostname="EC2AMAZ-S11DBRH" failures="0" tests="2" name="Default test" time="0.086" errors="0" timestamp="2024-02-05T05:51:52 GMT">
  <testcase classname="TestNgExample.TestNgAnnotation" name="Testcase3" time="0.007"/>
  <testcase classname="TestNgExample.TestNgAnnotation" name="testcase1" time="0.002"/>
  <testcase classname="TestNgExample.TestNgAnnotation" name="Testcase2" time="0.0">
    <ignored/>
  </testcase> <!-- Testcase2 -->
</testsuite> <!-- Default test -->
