<?xml version="1.0" encoding="UTF-8"?>
<!-- Generated by org.testng.reporters.JUnitXMLReporter -->
<testsuite ignored="2" hostname="EC2AMAZ-S11DBRH" failures="1" tests="9" name="Groupingttest" time="11.649" errors="0" timestamp="2024-02-05T05:57:01 GMT">
  <testcase classname="TestNgExample.GroupingTest" name="AutoRiksaw" time="0.008"/>
  <testcase classname="TestNgExample.GroupingTest" name="Riksaw" time="0.002"/>
  <testcase classname="TestNgExample.GroupingTest" name="car1" time="0.003"/>
  <testcase classname="TestNgExample.GroupingTest" name="car3" time="0.004"/>
  <testcase classname="TestNgExample.GroupingTest" name="sedan" time="0.004"/>
  <testcase classname="TestNgExample.RegistrationTesr" name="Validatepage" time="1.748"/>
  <testcase classname="TestNgExample.RegistrationTesr" name="validatename" time="0.239">
    <failure type="java.lang.AssertionError" message="Error in comparing value
	expected [Rahulq] but found [Rahul]">
      <![CDATA[java.lang.AssertionError: Error in comparing value
expected [Rahulq] but found [Rahul]
at TestNgExample.RegistrationTesr.validatename(RegistrationTesr.java:34)
at java.base/java.util.ArrayList.forEach(ArrayList.java:1511)
... Removed 28 stack frames]]>
    </failure>
  </testcase> <!-- validatename -->
  <testcase classname="TestNgExample.TestNgAnnotation" name="Testcase3" time="0.001"/>
  <testcase classname="TestNgExample.TestNgAnnotation" name="testcase1" time="0.003"/>
  <testcase classname="TestNgExample.TestNgAnnotation" name="Testcase2" time="0.0">
    <ignored/>
  </testcase> <!-- Testcase2 -->
  <testcase classname="TestNgExample.GroupingTest" name="car2" time="0.0">
    <ignored/>
  </testcase> <!-- car2 -->
</testsuite> <!-- Groupingttest -->
